TN:
SF:lib/index.js
FN:3,deepFreeze
FN:8,obj.clear.obj.delete.obj.set
FN:15,obj.add.obj.clear.obj.delete
FN:19,obj.add.obj.delete
FN:23,obj.set.obj.delete
FNF:5
FNH:5
FNDA:20,deepFreeze
FNDA:1,obj.clear.obj.delete.obj.set
FNDA:1,obj.add.obj.clear.obj.delete
FNDA:1,obj.add.obj.delete
FNDA:1,obj.set.obj.delete
DA:1,1
DA:2,1
DA:3,1
DA:4,20
DA:5,1
DA:6,1
DA:7,1
DA:8,1
DA:9,1
DA:10,1
DA:11,20
DA:12,1
DA:13,1
DA:14,1
DA:15,1
DA:16,1
DA:17,1
DA:18,19
DA:19,1
DA:20,1
DA:21,1
DA:22,18
DA:23,1
DA:24,1
DA:25,1
DA:26,1
DA:27,20
DA:28,20
DA:29,20
DA:30,20
DA:31,20
DA:32,35
DA:33,35
DA:34,35
DA:35,35
DA:36,35
DA:37,14
DA:38,14
DA:39,20
DA:40,20
DA:41,20
DA:42,20
DA:43,1
DA:44,1
LF:44
LH:44
BRDA:1,0,0,1
BRDA:3,1,0,20
BRDA:4,2,0,1
BRDA:11,3,0,19
BRDA:11,4,0,1
BRDA:18,5,0,18
BRDA:18,6,0,1
BRDA:22,7,0,17
BRDA:22,8,0,1
BRDA:8,9,0,1
BRDA:15,10,0,1
BRDA:19,11,0,1
BRDA:23,12,0,1
BRDA:31,13,0,35
BRDA:36,14,0,26
BRDA:36,15,0,25
BRDA:36,16,0,14
BRF:17
BRH:17
end_of_record
